{"meta": {"format": 3, "version": "7.13.3", "timestamp": "2026-02-11T04:12:35.944580", "branch_coverage": false, "show_contexts": false}, "files": {"lib\\__init__.py": {"executed_lines": [7], "summary": {"covered_lines": 1, "num_statements": 1, "percent_covered": 100.0, "percent_covered_display": "100", "missing_lines": 0, "excluded_lines": 0, "percent_statements_covered": 100.0, "percent_statements_covered_display": "100"}, "missing_lines": [], "excluded_lines": [], "functions": {"": {"executed_lines": [7], "summary": {"covered_lines": 1, "num_statements": 1, "percent_covered": 100.0, "percent_covered_display": "100", "missing_lines": 0, "excluded_lines": 0, "percent_statements_covered": 100.0, "percent_statements_covered_display": "100"}, "missing_lines": [], "excluded_lines": [], "start_line": 1}}, "classes": {"": {"executed_lines": [7], "summary": {"covered_lines": 1, "num_statements": 1, "percent_covered": 100.0, "percent_covered_display": "100", "missing_lines": 0, "excluded_lines": 0, "percent_statements_covered": 100.0, "percent_statements_covered_display": "100"}, "missing_lines": [], "excluded_lines": [], "start_line": 1}}}, "lib\\ab_testing.py": {"executed_lines": [8, 9, 10, 11, 12, 13, 14, 17, 18, 20, 21, 22, 23, 26, 27, 29, 30, 31, 32, 35, 36, 38, 39, 40, 41, 42, 45, 46, 48, 49, 50, 51, 52, 55, 56, 58, 59, 60, 61, 62, 65, 66, 68, 69, 70, 71, 74, 75, 77, 78, 79, 80, 81, 82, 83, 86, 97, 102, 103, 105, 106, 108, 110, 127, 128, 130, 132, 141, 142, 144, 146, 148, 167, 168, 170, 173, 174, 175, 178, 181, 183, 185, 201, 204, 206, 207, 209, 221, 222, 224, 242, 245, 248, 250, 251, 256, 257, 259, 260, 263, 264, 267, 268, 269, 271, 279, 280, 283, 286, 287, 288, 289, 293, 300, 309, 314, 323, 326, 327, 328, 330, 332, 346, 348, 349, 354, 355, 356, 357, 360, 361, 364, 366, 370, 372, 373, 374, 376, 387, 388, 389, 390, 392, 394, 397, 415, 416, 418, 420, 423, 424, 427, 428, 429, 432, 442, 447, 457, 458, 463, 465, 467, 468, 470, 476, 479, 480, 481, 482, 485, 497, 500, 501], "summary": {"covered_lines": 173, "num_statements": 181, "percent_covered": 95.58011049723757, "percent_covered_display": "96", "missing_lines": 8, "excluded_lines": 0, "percent_statements_covered": 95.58011049723757, "percent_statements_covered_display": "96"}, "missing_lines": [202, 243, 291, 324, 421, 425, 460, 461], "excluded_lines": [], "functions": {"ABTestingFramework.__init__": {"executed_lines": [102, 103, 105, 106, 108], "summary": {"covered_lines": 5, "num_statements": 5, "percent_covered": 100.0, "percent_covered_display": "100", "missing_lines": 0, "excluded_lines": 0, "percent_statements_covered": 100.0, "percent_statements_covered_display": "100"}, "missing_lines": [], "excluded_lines": [], "start_line": 97}, "ABTestingFramework.create_experiment": {"executed_lines": [127, 128, 130, 132, 141, 142, 144, 146], "summary": {"covered_lines": 8, "num_statements": 8, "percent_covered": 100.0, "percent_covered_display": "100", "missing_lines": 0, "excluded_lines": 0, "percent_statements_covered": 100.0, "percent_statements_covered_display": "100"}, "missing_lines": [], "excluded_lines": [], "start_line": 110}, "ABTestingFramework.assign_variant": {"executed_lines": [167, 168, 170, 173, 174, 175, 178, 181, 183], "summary": {"covered_lines": 9, "num_statements": 9, "percent_covered": 100.0, "percent_covered_display": "100", "missing_lines": 0, "excluded_lines": 0, "percent_statements_covered": 100.0, "percent_statements_covered_display": "100"}, "missing_lines": [], "excluded_lines": [], "start_line": 148}, "ABTestingFramework.record_result": {"executed_lines": [201, 204, 206, 207, 209, 221, 222], "summary": {"covered_lines": 7, "num_statements": 8, "percent_covered": 87.5, "percent_covered_display": "88", "missing_lines": 1, "excluded_lines": 0, "percent_statements_covered": 87.5, "percent_statements_covered_display": "88"}, "missing_lines": [202], "excluded_lines": [], "start_line": 185}, "ABTestingFramework.analyze_results": {"executed_lines": [242, 245, 248, 250, 251, 256, 257, 259, 260, 263, 264, 267, 268, 269, 271, 279, 280, 283, 286, 287, 288, 289, 293], "summary": {"covered_lines": 23, "num_statements": 25, "percent_covered": 92.0, "percent_covered_display": "92", "missing_lines": 2, "excluded_lines": 0, "percent_statements_covered": 92.0, "percent_statements_covered_display": "92"}, "missing_lines": [243, 291], "excluded_lines": [], "start_line": 224}, "ABTestingFramework.get_active_experiments": {"executed_lines": [309], "summary": {"covered_lines": 1, "num_statements": 1, "percent_covered": 100.0, "percent_covered_display": "100", "missing_lines": 0, "excluded_lines": 0, "percent_statements_covered": 100.0, "percent_statements_covered_display": "100"}, "missing_lines": [], "excluded_lines": [], "start_line": 300}, "ABTestingFramework.stop_experiment": {"executed_lines": [323, 326, 327, 328, 330], "summary": {"covered_lines": 5, "num_statements": 6, "percent_covered": 83.33333333333333, "percent_covered_display": "83", "missing_lines": 1, "excluded_lines": 0, "percent_statements_covered": 83.33333333333333, "percent_statements_covered_display": "83"}, "missing_lines": [324], "excluded_lines": [], "start_line": 314}, "ABTestingFramework.deploy_winner": {"executed_lines": [346, 348, 349, 354, 355, 356, 357, 360, 361, 364, 366], "summary": {"covered_lines": 11, "num_statements": 11, "percent_covered": 100.0, "percent_covered_display": "100", "missing_lines": 0, "excluded_lines": 0, "percent_statements_covered": 100.0, "percent_statements_covered_display": "100"}, "missing_lines": [], "excluded_lines": [], "start_line": 332}, "ABTestingFramework._generate_experiment_id": {"executed_lines": [372, 373, 374], "summary": {"covered_lines": 3, "num_statements": 3, "percent_covered": 100.0, "percent_covered_display": "100", "missing_lines": 0, "excluded_lines": 0, "percent_statements_covered": 100.0, "percent_statements_covered_display": "100"}, "missing_lines": [], "excluded_lines": [], "start_line": 370}, "ABTestingFramework._consistent_hash_variant": {"executed_lines": [387, 388, 389, 390], "summary": {"covered_lines": 4, "num_statements": 4, "percent_covered": 100.0, "percent_covered_display": "100", "missing_lines": 0, "excluded_lines": 0, "percent_statements_covered": 100.0, "percent_statements_covered_display": "100"}, "missing_lines": [], "excluded_lines": [], "start_line": 376}, "ABTestingFramework._save_experiment": {"executed_lines": [394, 397, 415, 416], "summary": {"covered_lines": 4, "num_statements": 4, "percent_covered": 100.0, "percent_covered_display": "100", "missing_lines": 0, "excluded_lines": 0, "percent_statements_covered": 100.0, "percent_statements_covered_display": "100"}, "missing_lines": [], "excluded_lines": [], "start_line": 392}, "ABTestingFramework._load_experiments": {"executed_lines": [420, 423, 424, 427, 428, 429, 432, 442, 447, 457, 458], "summary": {"covered_lines": 11, "num_statements": 15, "percent_covered": 73.33333333333333, "percent_covered_display": "73", "missing_lines": 4, "excluded_lines": 0, "percent_statements_covered": 73.33333333333333, "percent_statements_covered_display": "73"}, "missing_lines": [421, 425, 460, 461], "excluded_lines": [], "start_line": 418}, "ABTestingFramework._save_default_config": {"executed_lines": [465, 467, 468], "summary": {"covered_lines": 3, "num_statements": 3, "percent_covered": 100.0, "percent_covered_display": "100", "missing_lines": 0, "excluded_lines": 0, "percent_statements_covered": 100.0, "percent_statements_covered_display": "100"}, "missing_lines": [], "excluded_lines": [], "start_line": 463}, "ABTestingFramework._save_experiment_history": {"executed_lines": [476, 479, 480, 481, 482, 485, 497, 500, 501], "summary": {"covered_lines": 9, "num_statements": 9, "percent_covered": 100.0, "percent_covered_display": "100", "missing_lines": 0, "excluded_lines": 0, "percent_statements_covered": 100.0, "percent_statements_covered_display": "100"}, "missing_lines": [], "excluded_lines": [], "start_line": 470}, "": {"executed_lines": [8, 9, 10, 11, 12, 13, 14, 17, 18, 20, 21, 22, 23, 26, 27, 29, 30, 31, 32, 35, 36, 38, 39, 40, 41, 42, 45, 46, 48, 49, 50, 51, 52, 55, 56, 58, 59, 60, 61, 62, 65, 66, 68, 69, 70, 71, 74, 75, 77, 78, 79, 80, 81, 82, 83, 86, 97, 110, 148, 185, 224, 300, 314, 332, 370, 376, 392, 418, 463, 470], "summary": {"covered_lines": 70, "num_statements": 70, "percent_covered": 100.0, "percent_covered_display": "100", "missing_lines": 0, "excluded_lines": 0, "percent_statements_covered": 100.0, "percent_statements_covered_display": "100"}, "missing_lines": [], "excluded_lines": [], "start_line": 1}}, "classes": {"HScoreWeights": {"executed_lines": [], "summary": {"covered_lines": 0, "num_statements": 0, "percent_covered": 100.0, "percent_covered_display": "100", "missing_lines": 0, "excluded_lines": 0, "percent_statements_covered": 100.0, "percent_statements_covered_display": "100"}, "missing_lines": [], "excluded_lines": [], "start_line": 18}, "WeightVariant": {"executed_lines": [], "summary": {"covered_lines": 0, "num_statements": 0, "percent_covered": 100.0, "percent_covered_display": "100", "missing_lines": 0, "excluded_lines": 0, "percent_statements_covered": 100.0, "percent_statements_covered_display": "100"}, "missing_lines": [], "excluded_lines": [], "start_line": 27}, "ExperimentMetric": {"executed_lines": [], "summary": {"covered_lines": 0, "num_statements": 0, "percent_covered": 100.0, "percent_covered_display": "100", "missing_lines": 0, "excluded_lines": 0, "percent_statements_covered": 100.0, "percent_statements_covered_display": "100"}, "missing_lines": [], "excluded_lines": [], "start_line": 36}, "ExperimentResult": {"executed_lines": [], "summary": {"covered_lines": 0, "num_statements": 0, "percent_covered": 100.0, "percent_covered_display": "100", "missing_lines": 0, "excluded_lines": 0, "percent_statements_covered": 100.0, "percent_statements_covered_display": "100"}, "missing_lines": [], "excluded_lines": [], "start_line": 46}, "VariantStats": {"executed_lines": [], "summary": {"covered_lines": 0, "num_statements": 0, "percent_covered": 100.0, "percent_covered_display": "100", "missing_lines": 0, "excluded_lines": 0, "percent_statements_covered": 100.0, "percent_statements_covered_display": "100"}, "missing_lines": [], "excluded_lines": [], "start_line": 56}, "ExperimentAnalysis": {"executed_lines": [], "summary": {"covered_lines": 0, "num_statements": 0, "percent_covered": 100.0, "percent_covered_display": "100", "missing_lines": 0, "excluded_lines": 0, "percent_statements_covered": 100.0, "percent_statements_covered_display": "100"}, "missing_lines": [], "excluded_lines": [], "start_line": 66}, "Experiment": {"executed_lines": [], "summary": {"covered_lines": 0, "num_statements": 0, "percent_covered": 100.0, "percent_covered_display": "100", "missing_lines": 0, "excluded_lines": 0, "percent_statements_covered": 100.0, "percent_statements_covered_display": "100"}, "missing_lines": [], "excluded_lines": [], "start_line": 75}, "ABTestingFramework": {"executed_lines": [102, 103, 105, 106, 108, 127, 128, 130, 132, 141, 142, 144, 146, 167, 168, 170, 173, 174, 175, 178, 181, 183, 201, 204, 206, 207, 209, 221, 222, 242, 245, 248, 250, 251, 256, 257, 259, 260, 263, 264, 267, 268, 269, 271, 279, 280, 283, 286, 287, 288, 289, 293, 309, 323, 326, 327, 328, 330, 346, 348, 349, 354, 355, 356, 357, 360, 361, 364, 366, 372, 373, 374, 387, 388, 389, 390, 394, 397, 415, 416, 420, 423, 424, 427, 428, 429, 432, 442, 447, 457, 458, 465, 467, 468, 476, 479, 480, 481, 482, 485, 497, 500, 501], "summary": {"covered_lines": 103, "num_statements": 111, "percent_covered": 92.7927927927928, "percent_covered_display": "93", "missing_lines": 8, "excluded_lines": 0, "percent_statements_covered": 92.7927927927928, "percent_statements_covered_display": "93"}, "missing_lines": [202, 243, 291, 324, 421, 425, 460, 461], "excluded_lines": [], "start_line": 86}, "": {"executed_lines": [8, 9, 10, 11, 12, 13, 14, 17, 18, 20, 21, 22, 23, 26, 27, 29, 30, 31, 32, 35, 36, 38, 39, 40, 41, 42, 45, 46, 48, 49, 50, 51, 52, 55, 56, 58, 59, 60, 61, 62, 65, 66, 68, 69, 70, 71, 74, 75, 77, 78, 79, 80, 81, 82, 83, 86, 97, 110, 148, 185, 224, 300, 314, 332, 370, 376, 392, 418, 463, 470], "summary": {"covered_lines": 70, "num_statements": 70, "percent_covered": 100.0, "percent_covered_display": "100", "missing_lines": 0, "excluded_lines": 0, "percent_statements_covered": 100.0, "percent_statements_covered_display": "100"}, "missing_lines": [], "excluded_lines": [], "start_line": 1}}}, "lib\\conflict_resolver.py": {"executed_lines": [8, 9, 10, 11, 15, 16, 17, 20, 21, 23, 24, 25, 26, 27, 28, 29, 30, 31, 34, 35, 37, 38, 39, 40, 41, 42, 43, 44, 45, 48, 49, 51, 52, 53, 54, 55, 58, 59, 61, 62, 63, 66, 78, 79, 80, 82, 95, 98, 99, 100, 101, 104, 106, 107, 110, 113, 116, 118, 129, 133, 135, 137, 156, 159, 160, 163, 165, 167, 182, 183, 186, 187, 190, 191, 193, 196, 198, 215, 219, 220, 223, 233, 234, 236, 238, 240, 252, 254, 255, 256, 259, 261, 266, 270, 272, 291, 292, 295, 296, 298, 303, 304, 307, 309, 320, 321, 324, 327, 328, 330, 332, 345, 353, 356, 357, 358, 359, 362, 365, 368, 375, 377, 389, 390, 393, 395, 413, 419, 422, 425, 426, 427, 428, 429, 430, 432, 434, 448, 451, 452, 453, 456, 463, 475, 477, 486, 488], "summary": {"covered_lines": 147, "num_statements": 155, "percent_covered": 94.83870967741936, "percent_covered_display": "95", "missing_lines": 8, "excluded_lines": 0, "percent_statements_covered": 94.83870967741936, "percent_statements_covered_display": "95"}, "missing_lines": [194, 216, 262, 263, 267, 268, 300, 496], "excluded_lines": [], "functions": {"ConflictResolver.__init__": {"executed_lines": [79, 80], "summary": {"covered_lines": 2, "num_statements": 2, "percent_covered": 100.0, "percent_covered_display": "100", "missing_lines": 0, "excluded_lines": 0, "percent_statements_covered": 100.0, "percent_statements_covered_display": "100"}, "missing_lines": [], "excluded_lines": [], "start_line": 78}, "ConflictResolver.detectConflicts": {"executed_lines": [95, 98, 99, 100, 101, 104, 106, 107, 110, 113, 116, 118, 129, 133, 135], "summary": {"covered_lines": 15, "num_statements": 15, "percent_covered": 100.0, "percent_covered_display": "100", "missing_lines": 0, "excluded_lines": 0, "percent_statements_covered": 100.0, "percent_statements_covered_display": "100"}, "missing_lines": [], "excluded_lines": [], "start_line": 82}, "ConflictResolver._isConflicting": {"executed_lines": [156, 159, 160, 163, 165], "summary": {"covered_lines": 5, "num_statements": 5, "percent_covered": 100.0, "percent_covered_display": "100", "missing_lines": 0, "excluded_lines": 0, "percent_statements_covered": 100.0, "percent_statements_covered_display": "100"}, "missing_lines": [], "excluded_lines": [], "start_line": 137}, "ConflictResolver._calculateSimilarity": {"executed_lines": [182, 183, 186, 187, 190, 191, 193, 196], "summary": {"covered_lines": 8, "num_statements": 9, "percent_covered": 88.88888888888889, "percent_covered_display": "89", "missing_lines": 1, "excluded_lines": 0, "percent_statements_covered": 88.88888888888889, "percent_statements_covered_display": "89"}, "missing_lines": [194], "excluded_lines": [], "start_line": 167}, "ConflictResolver._checkSemanticDifference": {"executed_lines": [215, 219, 220, 223, 233, 234, 236, 238], "summary": {"covered_lines": 8, "num_statements": 9, "percent_covered": 88.88888888888889, "percent_covered_display": "89", "missing_lines": 1, "excluded_lines": 0, "percent_statements_covered": 88.88888888888889, "percent_statements_covered_display": "89"}, "missing_lines": [216], "excluded_lines": [], "start_line": 198}, "ConflictResolver._hasConflictingMetadata": {"executed_lines": [252, 254, 255, 256, 259, 261, 266, 270], "summary": {"covered_lines": 8, "num_statements": 12, "percent_covered": 66.66666666666667, "percent_covered_display": "67", "missing_lines": 4, "excluded_lines": 0, "percent_statements_covered": 66.66666666666667, "percent_statements_covered_display": "67"}, "missing_lines": [262, 263, 267, 268], "excluded_lines": [], "start_line": 240}, "ConflictResolver._detectConflictType": {"executed_lines": [291, 292, 295, 296, 298, 303, 304, 307], "summary": {"covered_lines": 8, "num_statements": 9, "percent_covered": 88.88888888888889, "percent_covered_display": "89", "missing_lines": 1, "excluded_lines": 0, "percent_statements_covered": 88.88888888888889, "percent_statements_covered_display": "89"}, "missing_lines": [300], "excluded_lines": [], "start_line": 272}, "ConflictResolver._hasContradiction": {"executed_lines": [320, 321, 324, 327, 328, 330], "summary": {"covered_lines": 6, "num_statements": 6, "percent_covered": 100.0, "percent_covered_display": "100", "missing_lines": 0, "excluded_lines": 0, "percent_statements_covered": 100.0, "percent_statements_covered_display": "100"}, "missing_lines": [], "excluded_lines": [], "start_line": 309}, "ConflictResolver._calculateHScore": {"executed_lines": [345, 353, 356, 357, 358, 359, 362, 365, 368, 375], "summary": {"covered_lines": 10, "num_statements": 10, "percent_covered": 100.0, "percent_covered_display": "100", "missing_lines": 0, "excluded_lines": 0, "percent_statements_covered": 100.0, "percent_statements_covered_display": "100"}, "missing_lines": [], "excluded_lines": [], "start_line": 332}, "ConflictResolver._generateConflictId": {"executed_lines": [389, 390, 393], "summary": {"covered_lines": 3, "num_statements": 3, "percent_covered": 100.0, "percent_covered_display": "100", "missing_lines": 0, "excluded_lines": 0, "percent_statements_covered": 100.0, "percent_statements_covered_display": "100"}, "missing_lines": [], "excluded_lines": [], "start_line": 377}, "ConflictResolver.resolveConflict": {"executed_lines": [413, 419, 422, 425, 426, 427, 428, 429, 430, 432], "summary": {"covered_lines": 10, "num_statements": 10, "percent_covered": 100.0, "percent_covered_display": "100", "missing_lines": 0, "excluded_lines": 0, "percent_statements_covered": 100.0, "percent_statements_covered_display": "100"}, "missing_lines": [], "excluded_lines": [], "start_line": 395}, "ConflictResolver.mergeMemories": {"executed_lines": [448, 451, 452, 453, 456, 463, 475], "summary": {"covered_lines": 7, "num_statements": 7, "percent_covered": 100.0, "percent_covered_display": "100", "missing_lines": 0, "excluded_lines": 0, "percent_statements_covered": 100.0, "percent_statements_covered_display": "100"}, "missing_lines": [], "excluded_lines": [], "start_line": 434}, "ConflictResolver.getConflictHistory": {"executed_lines": [486], "summary": {"covered_lines": 1, "num_statements": 1, "percent_covered": 100.0, "percent_covered_display": "100", "missing_lines": 0, "excluded_lines": 0, "percent_statements_covered": 100.0, "percent_statements_covered_display": "100"}, "missing_lines": [], "excluded_lines": [], "start_line": 477}, "ConflictResolver.setAutoResolveRules": {"executed_lines": [], "summary": {"covered_lines": 0, "num_statements": 1, "percent_covered": 0.0, "percent_covered_display": "0", "missing_lines": 1, "excluded_lines": 0, "percent_statements_covered": 0.0, "percent_statements_covered_display": "0"}, "missing_lines": [496], "excluded_lines": [], "start_line": 488}, "": {"executed_lines": [8, 9, 10, 11, 15, 16, 17, 20, 21, 23, 24, 25, 26, 27, 28, 29, 30, 31, 34, 35, 37, 38, 39, 40, 41, 42, 43, 44, 45, 48, 49, 51, 52, 53, 54, 55, 58, 59, 61, 62, 63, 66, 78, 82, 137, 167, 198, 240, 272, 309, 332, 377, 395, 434, 477, 488], "summary": {"covered_lines": 56, "num_statements": 56, "percent_covered": 100.0, "percent_covered_display": "100", "missing_lines": 0, "excluded_lines": 0, "percent_statements_covered": 100.0, "percent_statements_covered_display": "100"}, "missing_lines": [], "excluded_lines": [], "start_line": 1}}, "classes": {"MemoryData": {"executed_lines": [], "summary": {"covered_lines": 0, "num_statements": 0, "percent_covered": 100.0, "percent_covered_display": "100", "missing_lines": 0, "excluded_lines": 0, "percent_statements_covered": 100.0, "percent_statements_covered_display": "100"}, "missing_lines": [], "excluded_lines": [], "start_line": 21}, "Conflict": {"executed_lines": [], "summary": {"covered_lines": 0, "num_statements": 0, "percent_covered": 100.0, "percent_covered_display": "100", "missing_lines": 0, "excluded_lines": 0, "percent_statements_covered": 100.0, "percent_statements_covered_display": "100"}, "missing_lines": [], "excluded_lines": [], "start_line": 35}, "ConflictHistory": {"executed_lines": [], "summary": {"covered_lines": 0, "num_statements": 0, "percent_covered": 100.0, "percent_covered_display": "100", "missing_lines": 0, "excluded_lines": 0, "percent_statements_covered": 100.0, "percent_statements_covered_display": "100"}, "missing_lines": [], "excluded_lines": [], "start_line": 49}, "AutoResolveRule": {"executed_lines": [], "summary": {"covered_lines": 0, "num_statements": 0, "percent_covered": 100.0, "percent_covered_display": "100", "missing_lines": 0, "excluded_lines": 0, "percent_statements_covered": 100.0, "percent_statements_covered_display": "100"}, "missing_lines": [], "excluded_lines": [], "start_line": 59}, "ConflictResolver": {"executed_lines": [79, 80, 95, 98, 99, 100, 101, 104, 106, 107, 110, 113, 116, 118, 129, 133, 135, 156, 159, 160, 163, 165, 182, 183, 186, 187, 190, 191, 193, 196, 215, 219, 220, 223, 233, 234, 236, 238, 252, 254, 255, 256, 259, 261, 266, 270, 291, 292, 295, 296, 298, 303, 304, 307, 320, 321, 324, 327, 328, 330, 345, 353, 356, 357, 358, 359, 362, 365, 368, 375, 389, 390, 393, 413, 419, 422, 425, 426, 427, 428, 429, 430, 432, 448, 451, 452, 453, 456, 463, 475, 486], "summary": {"covered_lines": 91, "num_statements": 99, "percent_covered": 91.91919191919192, "percent_covered_display": "92", "missing_lines": 8, "excluded_lines": 0, "percent_statements_covered": 91.91919191919192, "percent_statements_covered_display": "92"}, "missing_lines": [194, 216, 262, 263, 267, 268, 300, 496], "excluded_lines": [], "start_line": 66}, "": {"executed_lines": [8, 9, 10, 11, 15, 16, 17, 20, 21, 23, 24, 25, 26, 27, 28, 29, 30, 31, 34, 35, 37, 38, 39, 40, 41, 42, 43, 44, 45, 48, 49, 51, 52, 53, 54, 55, 58, 59, 61, 62, 63, 66, 78, 82, 137, 167, 198, 240, 272, 309, 332, 377, 395, 434, 477, 488], "summary": {"covered_lines": 56, "num_statements": 56, "percent_covered": 100.0, "percent_covered_display": "100", "missing_lines": 0, "excluded_lines": 0, "percent_statements_covered": 100.0, "percent_statements_covered_display": "100"}, "missing_lines": [], "excluded_lines": [], "start_line": 1}}}, "lib\\encryption.py": {"executed_lines": [5, 6, 7, 8, 9, 10, 11, 12, 14, 17, 20, 21, 23, 24, 30, 33, 39, 44, 53, 54, 59, 61, 62, 68, 78, 84, 85, 90, 92, 93, 100, 103, 112, 114, 115, 116, 118, 119, 123, 124, 125, 127, 135, 137, 143, 144, 148, 150, 151, 155, 158, 164, 167, 168, 169, 171, 173, 183, 184, 188, 190, 191, 192, 195, 196, 200, 206, 207, 210, 213, 214, 215, 217, 219, 226, 229, 234, 235, 237, 242, 243, 244, 246, 247, 248, 252, 254, 256, 258, 259], "summary": {"covered_lines": 90, "num_statements": 109, "percent_covered": 82.56880733944953, "percent_covered_display": "83", "missing_lines": 19, "excluded_lines": 0, "percent_statements_covered": 82.56880733944953, "percent_statements_covered_display": "83"}, "missing_lines": [49, 50, 51, 80, 81, 82, 139, 140, 141, 152, 179, 180, 181, 197, 221, 222, 223, 250, 260], "excluded_lines": [], "functions": {"E2EEncryption.generate_key_pair": {"executed_lines": [23, 24, 30, 33, 39, 44], "summary": {"covered_lines": 6, "num_statements": 9, "percent_covered": 66.66666666666667, "percent_covered_display": "67", "missing_lines": 3, "excluded_lines": 0, "percent_statements_covered": 66.66666666666667, "percent_statements_covered_display": "67"}, "missing_lines": [49, 50, 51], "excluded_lines": [], "start_line": 21}, "E2EEncryption.encrypt_data": {"executed_lines": [59, 61, 62, 68, 78], "summary": {"covered_lines": 5, "num_statements": 8, "percent_covered": 62.5, "percent_covered_display": "62", "missing_lines": 3, "excluded_lines": 0, "percent_statements_covered": 62.5, "percent_statements_covered_display": "62"}, "missing_lines": [80, 81, 82], "excluded_lines": [], "start_line": 54}, "E2EEncryption.decrypt_data": {"executed_lines": [90, 92, 93, 100, 103, 112, 114, 115, 116], "summary": {"covered_lines": 9, "num_statements": 9, "percent_covered": 100.0, "percent_covered_display": "100", "missing_lines": 0, "excluded_lines": 0, "percent_statements_covered": 100.0, "percent_statements_covered_display": "100"}, "missing_lines": [], "excluded_lines": [], "start_line": 85}, "E2EEncryption.derive_key_from_password": {"executed_lines": [123, 124, 125, 127, 135, 137], "summary": {"covered_lines": 6, "num_statements": 9, "percent_covered": 66.66666666666667, "percent_covered_display": "67", "missing_lines": 3, "excluded_lines": 0, "percent_statements_covered": 66.66666666666667, "percent_statements_covered_display": "67"}, "missing_lines": [139, 140, 141], "excluded_lines": [], "start_line": 119}, "E2EEncryption.encrypt_with_password": {"executed_lines": [148, 150, 151, 155, 158, 164, 167, 168, 169, 171, 173], "summary": {"covered_lines": 11, "num_statements": 15, "percent_covered": 73.33333333333333, "percent_covered_display": "73", "missing_lines": 4, "excluded_lines": 0, "percent_statements_covered": 73.33333333333333, "percent_statements_covered_display": "73"}, "missing_lines": [152, 179, 180, 181], "excluded_lines": [], "start_line": 144}, "E2EEncryption.decrypt_with_password": {"executed_lines": [188, 190, 191, 192, 195, 196, 200, 206, 207, 210, 213, 214, 215, 217, 219], "summary": {"covered_lines": 15, "num_statements": 19, "percent_covered": 78.94736842105263, "percent_covered_display": "79", "missing_lines": 4, "excluded_lines": 0, "percent_statements_covered": 78.94736842105263, "percent_statements_covered_display": "79"}, "missing_lines": [197, 221, 222, 223], "excluded_lines": [], "start_line": 184}, "MemoryEncryption.__init__": {"executed_lines": [234, 235], "summary": {"covered_lines": 2, "num_statements": 2, "percent_covered": 100.0, "percent_covered_display": "100", "missing_lines": 0, "excluded_lines": 0, "percent_statements_covered": 100.0, "percent_statements_covered_display": "100"}, "missing_lines": [], "excluded_lines": [], "start_line": 229}, "MemoryEncryption.encrypt_memory": {"executed_lines": [242, 243, 244, 246, 247, 248], "summary": {"covered_lines": 6, "num_statements": 7, "percent_covered": 85.71428571428571, "percent_covered_display": "86", "missing_lines": 1, "excluded_lines": 0, "percent_statements_covered": 85.71428571428571, "percent_statements_covered_display": "86"}, "missing_lines": [250], "excluded_lines": [], "start_line": 237}, "MemoryEncryption.is_encrypted": {"executed_lines": [254], "summary": {"covered_lines": 1, "num_statements": 1, "percent_covered": 100.0, "percent_covered_display": "100", "missing_lines": 0, "excluded_lines": 0, "percent_statements_covered": 100.0, "percent_statements_covered_display": "100"}, "missing_lines": [], "excluded_lines": [], "start_line": 252}, "MemoryEncryption.get_encrypted_content": {"executed_lines": [258, 259], "summary": {"covered_lines": 2, "num_statements": 3, "percent_covered": 66.66666666666667, "percent_covered_display": "67", "missing_lines": 1, "excluded_lines": 0, "percent_statements_covered": 66.66666666666667, "percent_statements_covered_display": "67"}, "missing_lines": [260], "excluded_lines": [], "start_line": 256}, "": {"executed_lines": [5, 6, 7, 8, 9, 10, 11, 12, 14, 17, 20, 21, 53, 54, 84, 85, 118, 119, 143, 144, 183, 184, 226, 229, 237, 252, 256], "summary": {"covered_lines": 27, "num_statements": 27, "percent_covered": 100.0, "percent_covered_display": "100", "missing_lines": 0, "excluded_lines": 0, "percent_statements_covered": 100.0, "percent_statements_covered_display": "100"}, "missing_lines": [], "excluded_lines": [], "start_line": 1}}, "classes": {"E2EEncryption": {"executed_lines": [23, 24, 30, 33, 39, 44, 59, 61, 62, 68, 78, 90, 92, 93, 100, 103, 112, 114, 115, 116, 123, 124, 125, 127, 135, 137, 148, 150, 151, 155, 158, 164, 167, 168, 169, 171, 173, 188, 190, 191, 192, 195, 196, 200, 206, 207, 210, 213, 214, 215, 217, 219], "summary": {"covered_lines": 52, "num_statements": 69, "percent_covered": 75.3623188405797, "percent_covered_display": "75", "missing_lines": 17, "excluded_lines": 0, "percent_statements_covered": 75.3623188405797, "percent_statements_covered_display": "75"}, "missing_lines": [49, 50, 51, 80, 81, 82, 139, 140, 141, 152, 179, 180, 181, 197, 221, 222, 223], "excluded_lines": [], "start_line": 17}, "MemoryEncryption": {"executed_lines": [234, 235, 242, 243, 244, 246, 247, 248, 254, 258, 259], "summary": {"covered_lines": 11, "num_statements": 13, "percent_covered": 84.61538461538461, "percent_covered_display": "85", "missing_lines": 2, "excluded_lines": 0, "percent_statements_covered": 84.61538461538461, "percent_statements_covered_display": "85"}, "missing_lines": [250, 260], "excluded_lines": [], "start_line": 226}, "": {"executed_lines": [5, 6, 7, 8, 9, 10, 11, 12, 14, 17, 20, 21, 53, 54, 84, 85, 118, 119, 143, 144, 183, 184, 226, 229, 237, 252, 256], "summary": {"covered_lines": 27, "num_statements": 27, "percent_covered": 100.0, "percent_covered_display": "100", "missing_lines": 0, "excluded_lines": 0, "percent_statements_covered": 100.0, "percent_statements_covered_display": "100"}, "missing_lines": [], "excluded_lines": [], "start_line": 1}}}, "lib\\episodic_memory.py": {"executed_lines": [5, 6, 7, 9, 12, 15, 20, 21, 23, 31, 32, 41, 44, 46, 47, 53, 55, 57, 58, 59, 65, 71, 72, 73, 75, 77, 78, 79, 83, 84, 85, 86, 91, 97, 118, 120, 121, 122, 123, 124], "summary": {"covered_lines": 40, "num_statements": 68, "percent_covered": 58.8235294117647, "percent_covered_display": "59", "missing_lines": 28, "excluded_lines": 0, "percent_statements_covered": 58.8235294117647, "percent_statements_covered_display": "59"}, "missing_lines": [49, 50, 51, 61, 62, 63, 80, 87, 88, 89, 93, 94, 95, 99, 100, 103, 105, 107, 108, 110, 111, 112, 114, 115, 116, 126, 127, 128], "excluded_lines": [], "functions": {"EpisodicMemory.__init__": {"executed_lines": [20, 21], "summary": {"covered_lines": 2, "num_statements": 2, "percent_covered": 100.0, "percent_covered_display": "100", "missing_lines": 0, "excluded_lines": 0, "percent_statements_covered": 100.0, "percent_statements_covered_display": "100"}, "missing_lines": [], "excluded_lines": [], "start_line": 15}, "EpisodicMemory.add_episode": {"executed_lines": [31, 32, 41, 44, 46, 47], "summary": {"covered_lines": 6, "num_statements": 9, "percent_covered": 66.66666666666667, "percent_covered_display": "67", "missing_lines": 3, "excluded_lines": 0, "percent_statements_covered": 66.66666666666667, "percent_statements_covered_display": "67"}, "missing_lines": [49, 50, 51], "excluded_lines": [], "start_line": 23}, "EpisodicMemory.get_recent": {"executed_lines": [55, 57, 58, 59], "summary": {"covered_lines": 4, "num_statements": 7, "percent_covered": 57.142857142857146, "percent_covered_display": "57", "missing_lines": 3, "excluded_lines": 0, "percent_statements_covered": 57.142857142857146, "percent_statements_covered_display": "57"}, "missing_lines": [61, 62, 63], "excluded_lines": [], "start_line": 53}, "EpisodicMemory.search": {"executed_lines": [71, 72, 73, 75, 77, 78, 79, 83, 84, 85, 86, 91], "summary": {"covered_lines": 12, "num_statements": 19, "percent_covered": 63.1578947368421, "percent_covered_display": "63", "missing_lines": 7, "excluded_lines": 0, "percent_statements_covered": 63.1578947368421, "percent_statements_covered_display": "63"}, "missing_lines": [80, 87, 88, 89, 93, 94, 95], "excluded_lines": [], "start_line": 65}, "EpisodicMemory.load_from_db": {"executed_lines": [], "summary": {"covered_lines": 0, "num_statements": 12, "percent_covered": 0.0, "percent_covered_display": "0", "missing_lines": 12, "excluded_lines": 0, "percent_statements_covered": 0.0, "percent_statements_covered_display": "0"}, "missing_lines": [99, 100, 103, 105, 107, 108, 110, 111, 112, 114, 115, 116], "excluded_lines": [], "start_line": 97}, "EpisodicMemory.clear": {"executed_lines": [120, 121, 122, 123, 124], "summary": {"covered_lines": 5, "num_statements": 8, "percent_covered": 62.5, "percent_covered_display": "62", "missing_lines": 3, "excluded_lines": 0, "percent_statements_covered": 62.5, "percent_statements_covered_display": "62"}, "missing_lines": [126, 127, 128], "excluded_lines": [], "start_line": 118}, "": {"executed_lines": [5, 6, 7, 9, 12, 15, 23, 53, 65, 97, 118], "summary": {"covered_lines": 11, "num_statements": 11, "percent_covered": 100.0, "percent_covered_display": "100", "missing_lines": 0, "excluded_lines": 0, "percent_statements_covered": 100.0, "percent_statements_covered_display": "100"}, "missing_lines": [], "excluded_lines": [], "start_line": 1}}, "classes": {"EpisodicMemory": {"executed_lines": [20, 21, 31, 32, 41, 44, 46, 47, 55, 57, 58, 59, 71, 72, 73, 75, 77, 78, 79, 83, 84, 85, 86, 91, 120, 121, 122, 123, 124], "summary": {"covered_lines": 29, "num_statements": 57, "percent_covered": 50.87719298245614, "percent_covered_display": "51", "missing_lines": 28, "excluded_lines": 0, "percent_statements_covered": 50.87719298245614, "percent_statements_covered_display": "51"}, "missing_lines": [49, 50, 51, 61, 62, 63, 80, 87, 88, 89, 93, 94, 95, 99, 100, 103, 105, 107, 108, 110, 111, 112, 114, 115, 116, 126, 127, 128], "excluded_lines": [], "start_line": 12}, "": {"executed_lines": [5, 6, 7, 9, 12, 15, 23, 53, 65, 97, 118], "summary": {"covered_lines": 11, "num_statements": 11, "percent_covered": 100.0, "percent_covered_display": "100", "missing_lines": 0, "excluded_lines": 0, "percent_statements_covered": 100.0, "percent_statements_covered_display": "100"}, "missing_lines": [], "excluded_lines": [], "start_line": 1}}}, "lib\\memory_graph.py": {"executed_lines": [6, 7, 8, 9, 12, 13, 15, 16, 17, 18, 19, 20, 23, 24, 26, 27, 28, 29, 32, 33, 35, 36, 37, 38, 39, 42, 53, 54, 55, 56, 59, 68, 78, 79, 80, 83, 86, 89, 92, 93, 94, 95, 96, 101, 116, 117, 119, 139, 140, 143, 147, 154, 155, 157, 168, 169, 172, 173, 174, 175, 176, 179, 181, 201, 202, 204, 205, 207, 210, 211, 212, 215, 218, 219, 220, 221, 224, 230, 232, 252, 253, 254, 255, 257, 259, 265, 269, 270, 271, 272, 275, 278, 279, 280, 282, 283, 284, 286, 288, 289, 290, 291, 296, 297, 302, 303, 304, 307, 309, 318, 322, 323, 328, 331, 332, 333, 335, 336, 337, 340, 341, 342, 344, 346, 347, 352, 362, 364, 366, 367, 369, 370, 373, 374, 376, 377, 385, 408, 409, 411, 417, 418, 419, 420, 421, 424, 425, 426, 428, 431, 435, 441, 443, 450, 452, 453, 455, 462], "summary": {"covered_lines": 158, "num_statements": 181, "percent_covered": 87.29281767955801, "percent_covered_display": "87", "missing_lines": 23, "excluded_lines": 0, "percent_statements_covered": 87.29281767955801, "percent_statements_covered_display": "87"}, "missing_lines": [98, 144, 208, 324, 325, 348, 349, 353, 358, 359, 360, 371, 378, 379, 380, 381, 382, 383, 386, 391, 395, 400, 406], "excluded_lines": [], "functions": {"MemoryGraph.__init__": {"executed_lines": [54, 55, 56, 59], "summary": {"covered_lines": 4, "num_statements": 4, "percent_covered": 100.0, "percent_covered_display": "100", "missing_lines": 0, "excluded_lines": 0, "percent_statements_covered": 100.0, "percent_statements_covered_display": "100"}, "missing_lines": [], "excluded_lines": [], "start_line": 53}, "MemoryGraph.add_node": {"executed_lines": [78, 79, 80, 83, 86, 89, 92, 93, 94, 95, 96, 101, 116, 117], "summary": {"covered_lines": 14, "num_statements": 15, "percent_covered": 93.33333333333333, "percent_covered_display": "93", "missing_lines": 1, "excluded_lines": 0, "percent_statements_covered": 93.33333333333333, "percent_statements_covered_display": "93"}, "missing_lines": [98], "excluded_lines": [], "start_line": 68}, "MemoryGraph.add_edge": {"executed_lines": [139, 140, 143, 147, 154, 155], "summary": {"covered_lines": 6, "num_statements": 7, "percent_covered": 85.71428571428571, "percent_covered_display": "86", "missing_lines": 1, "excluded_lines": 0, "percent_statements_covered": 85.71428571428571, "percent_statements_covered_display": "86"}, "missing_lines": [144], "excluded_lines": [], "start_line": 119}, "MemoryGraph.build_graph": {"executed_lines": [168, 169, 172, 173, 174, 175, 176, 179], "summary": {"covered_lines": 8, "num_statements": 8, "percent_covered": 100.0, "percent_covered_display": "100", "missing_lines": 0, "excluded_lines": 0, "percent_statements_covered": 100.0, "percent_statements_covered_display": "100"}, "missing_lines": [], "excluded_lines": [], "start_line": 157}, "MemoryGraph._calculate_similarity": {"executed_lines": [201, 202, 204, 205, 207, 210, 211, 212, 215, 218, 219, 220, 221, 224, 230], "summary": {"covered_lines": 15, "num_statements": 16, "percent_covered": 93.75, "percent_covered_display": "94", "missing_lines": 1, "excluded_lines": 0, "percent_statements_covered": 93.75, "percent_statements_covered_display": "94"}, "missing_lines": [208], "excluded_lines": [], "start_line": 181}, "MemoryGraph.detect_clusters": {"executed_lines": [252, 253, 254, 255, 257], "summary": {"covered_lines": 5, "num_statements": 5, "percent_covered": 100.0, "percent_covered_display": "100", "missing_lines": 0, "excluded_lines": 0, "percent_statements_covered": 100.0, "percent_statements_covered_display": "100"}, "missing_lines": [], "excluded_lines": [], "start_line": 232}, "MemoryGraph._detect_clusters_louvain": {"executed_lines": [265, 269, 270, 271, 272, 275, 278, 279, 280, 282, 283, 284, 286, 288, 289, 290, 291, 296, 297, 302, 303, 304, 307], "summary": {"covered_lines": 23, "num_statements": 23, "percent_covered": 100.0, "percent_covered_display": "100", "missing_lines": 0, "excluded_lines": 0, "percent_statements_covered": 100.0, "percent_statements_covered_display": "100"}, "missing_lines": [], "excluded_lines": [], "start_line": 259}, "MemoryGraph._detect_clusters_label_propagation": {"executed_lines": [318, 322, 323, 328, 331, 332, 333, 335, 336, 337, 340, 341, 342, 344, 346, 347, 352, 362], "summary": {"covered_lines": 18, "num_statements": 26, "percent_covered": 69.23076923076923, "percent_covered_display": "69", "missing_lines": 8, "excluded_lines": 0, "percent_statements_covered": 69.23076923076923, "percent_statements_covered_display": "69"}, "missing_lines": [324, 325, 348, 349, 353, 358, 359, 360], "excluded_lines": [], "start_line": 309}, "MemoryGraph._detect_clusters_greedy": {"executed_lines": [366, 367, 369, 370, 373, 374, 376, 377, 385, 408, 409], "summary": {"covered_lines": 11, "num_statements": 23, "percent_covered": 47.82608695652174, "percent_covered_display": "48", "missing_lines": 12, "excluded_lines": 0, "percent_statements_covered": 47.82608695652174, "percent_statements_covered_display": "48"}, "missing_lines": [371, 378, 379, 380, 381, 382, 383, 386, 391, 395, 400, 406], "excluded_lines": [], "start_line": 364}, "MemoryGraph._build_clusters_from_communities": {"executed_lines": [417, 418, 419, 420, 421, 424, 425, 426, 428, 431, 435, 441, 443, 450, 452, 453], "summary": {"covered_lines": 16, "num_statements": 16, "percent_covered": 100.0, "percent_covered_display": "100", "missing_lines": 0, "excluded_lines": 0, "percent_statements_covered": 100.0, "percent_statements_covered_display": "100"}, "missing_lines": [], "excluded_lines": [], "start_line": 411}, "MemoryGraph.export_graph": {"executed_lines": [462], "summary": {"covered_lines": 1, "num_statements": 1, "percent_covered": 100.0, "percent_covered_display": "100", "missing_lines": 0, "excluded_lines": 0, "percent_statements_covered": 100.0, "percent_statements_covered_display": "100"}, "missing_lines": [], "excluded_lines": [], "start_line": 455}, "": {"executed_lines": [6, 7, 8, 9, 12, 13, 15, 16, 17, 18, 19, 20, 23, 24, 26, 27, 28, 29, 32, 33, 35, 36, 37, 38, 39, 42, 53, 68, 119, 157, 181, 232, 259, 309, 364, 411, 455], "summary": {"covered_lines": 37, "num_statements": 37, "percent_covered": 100.0, "percent_covered_display": "100", "missing_lines": 0, "excluded_lines": 0, "percent_statements_covered": 100.0, "percent_statements_covered_display": "100"}, "missing_lines": [], "excluded_lines": [], "start_line": 1}}, "classes": {"GraphNode": {"executed_lines": [], "summary": {"covered_lines": 0, "num_statements": 0, "percent_covered": 100.0, "percent_covered_display": "100", "missing_lines": 0, "excluded_lines": 0, "percent_statements_covered": 100.0, "percent_statements_covered_display": "100"}, "missing_lines": [], "excluded_lines": [], "start_line": 13}, "GraphEdge": {"executed_lines": [], "summary": {"covered_lines": 0, "num_statements": 0, "percent_covered": 100.0, "percent_covered_display": "100", "missing_lines": 0, "excluded_lines": 0, "percent_statements_covered": 100.0, "percent_statements_covered_display": "100"}, "missing_lines": [], "excluded_lines": [], "start_line": 24}, "Cluster": {"executed_lines": [], "summary": {"covered_lines": 0, "num_statements": 0, "percent_covered": 100.0, "percent_covered_display": "100", "missing_lines": 0, "excluded_lines": 0, "percent_statements_covered": 100.0, "percent_statements_covered_display": "100"}, "missing_lines": [], "excluded_lines": [], "start_line": 33}, "MemoryGraph": {"executed_lines": [54, 55, 56, 59, 78, 79, 80, 83, 86, 89, 92, 93, 94, 95, 96, 101, 116, 117, 139, 140, 143, 147, 154, 155, 168, 169, 172, 173, 174, 175, 176, 179, 201, 202, 204, 205, 207, 210, 211, 212, 215, 218, 219, 220, 221, 224, 230, 252, 253, 254, 255, 257, 265, 269, 270, 271, 272, 275, 278, 279, 280, 282, 283, 284, 286, 288, 289, 290, 291, 296, 297, 302, 303, 304, 307, 318, 322, 323, 328, 331, 332, 333, 335, 336, 337, 340, 341, 342, 344, 346, 347, 352, 362, 366, 367, 369, 370, 373, 374, 376, 377, 385, 408, 409, 417, 418, 419, 420, 421, 424, 425, 426, 428, 431, 435, 441, 443, 450, 452, 453, 462], "summary": {"covered_lines": 121, "num_statements": 144, "percent_covered": 84.02777777777777, "percent_covered_display": "84", "missing_lines": 23, "excluded_lines": 0, "percent_statements_covered": 84.02777777777777, "percent_statements_covered_display": "84"}, "missing_lines": [98, 144, 208, 324, 325, 348, 349, 353, 358, 359, 360, 371, 378, 379, 380, 381, 382, 383, 386, 391, 395, 400, 406], "excluded_lines": [], "start_line": 42}, "": {"executed_lines": [6, 7, 8, 9, 12, 13, 15, 16, 17, 18, 19, 20, 23, 24, 26, 27, 28, 29, 32, 33, 35, 36, 37, 38, 39, 42, 53, 68, 119, 157, 181, 232, 259, 309, 364, 411, 455], "summary": {"covered_lines": 37, "num_statements": 37, "percent_covered": 100.0, "percent_covered_display": "100", "missing_lines": 0, "excluded_lines": 0, "percent_statements_covered": 100.0, "percent_statements_covered_display": "100"}, "missing_lines": [], "excluded_lines": [], "start_line": 1}}}, "lib\\memory_orchestrator.py": {"executed_lines": [5, 6, 7, 9, 10, 11, 12, 14, 17, 20, 32, 33, 34, 35, 37, 39, 51, 58, 59, 67, 70, 71, 78, 79, 85, 101, 102, 110, 113, 114, 117, 125, 126, 129, 130, 141, 154, 160, 162, 163, 169, 171, 172, 174, 181, 187, 189, 190, 192, 200, 206], "summary": {"covered_lines": 51, "num_statements": 84, "percent_covered": 60.714285714285715, "percent_covered_display": "61", "missing_lines": 33, "excluded_lines": 0, "percent_statements_covered": 60.714285714285715, "percent_statements_covered_display": "61"}, "missing_lines": [41, 42, 43, 44, 45, 47, 48, 49, 81, 82, 83, 118, 122, 142, 165, 166, 167, 183, 184, 185, 202, 203, 204, 208, 209, 210, 213, 214, 216, 217, 219, 220, 221], "excluded_lines": [], "functions": {"MemoryOrchestrator.__init__": {"executed_lines": [32, 33, 34, 35, 37], "summary": {"covered_lines": 5, "num_statements": 5, "percent_covered": 100.0, "percent_covered_display": "100", "missing_lines": 0, "excluded_lines": 0, "percent_statements_covered": 100.0, "percent_statements_covered_display": "100"}, "missing_lines": [], "excluded_lines": [], "start_line": 20}, "MemoryOrchestrator.initialize": {"executed_lines": [], "summary": {"covered_lines": 0, "num_statements": 8, "percent_covered": 0.0, "percent_covered_display": "0", "missing_lines": 8, "excluded_lines": 0, "percent_statements_covered": 0.0, "percent_statements_covered_display": "0"}, "missing_lines": [41, 42, 43, 44, 45, 47, 48, 49], "excluded_lines": [], "start_line": 39}, "MemoryOrchestrator.record_interaction": {"executed_lines": [58, 59, 67, 70, 71, 78, 79], "summary": {"covered_lines": 7, "num_statements": 10, "percent_covered": 70.0, "percent_covered_display": "70", "missing_lines": 3, "excluded_lines": 0, "percent_statements_covered": 70.0, "percent_statements_covered_display": "70"}, "missing_lines": [81, 82, 83], "excluded_lines": [], "start_line": 51}, "MemoryOrchestrator.recall_relevant": {"executed_lines": [101, 102, 110, 113, 114, 117, 125, 126, 129, 130, 141, 154, 160, 162, 163], "summary": {"covered_lines": 15, "num_statements": 21, "percent_covered": 71.42857142857143, "percent_covered_display": "71", "missing_lines": 6, "excluded_lines": 0, "percent_statements_covered": 71.42857142857143, "percent_statements_covered_display": "71"}, "missing_lines": [118, 122, 142, 165, 166, 167], "excluded_lines": [], "start_line": 85}, "MemoryOrchestrator.summarize_recent": {"executed_lines": [171, 172, 174, 181], "summary": {"covered_lines": 4, "num_statements": 7, "percent_covered": 57.142857142857146, "percent_covered_display": "57", "missing_lines": 3, "excluded_lines": 0, "percent_statements_covered": 57.142857142857146, "percent_statements_covered_display": "57"}, "missing_lines": [183, 184, 185], "excluded_lines": [], "start_line": 169}, "MemoryOrchestrator.get_stats": {"executed_lines": [189, 190, 192, 200], "summary": {"covered_lines": 4, "num_statements": 7, "percent_covered": 57.142857142857146, "percent_covered_display": "57", "missing_lines": 3, "excluded_lines": 0, "percent_statements_covered": 57.142857142857146, "percent_statements_covered_display": "57"}, "missing_lines": [202, 203, 204], "excluded_lines": [], "start_line": 187}, "MemoryOrchestrator.clear_all": {"executed_lines": [], "summary": {"covered_lines": 0, "num_statements": 10, "percent_covered": 0.0, "percent_covered_display": "0", "missing_lines": 10, "excluded_lines": 0, "percent_statements_covered": 0.0, "percent_statements_covered_display": "0"}, "missing_lines": [208, 209, 210, 213, 214, 216, 217, 219, 220, 221], "excluded_lines": [], "start_line": 206}, "": {"executed_lines": [5, 6, 7, 9, 10, 11, 12, 14, 17, 20, 39, 51, 85, 169, 187, 206], "summary": {"covered_lines": 16, "num_statements": 16, "percent_covered": 100.0, "percent_covered_display": "100", "missing_lines": 0, "excluded_lines": 0, "percent_statements_covered": 100.0, "percent_statements_covered_display": "100"}, "missing_lines": [], "excluded_lines": [], "start_line": 1}}, "classes": {"MemoryOrchestrator": {"executed_lines": [32, 33, 34, 35, 37, 58, 59, 67, 70, 71, 78, 79, 101, 102, 110, 113, 114, 117, 125, 126, 129, 130, 141, 154, 160, 162, 163, 171, 172, 174, 181, 189, 190, 192, 200], "summary": {"covered_lines": 35, "num_statements": 68, "percent_covered": 51.470588235294116, "percent_covered_display": "51", "missing_lines": 33, "excluded_lines": 0, "percent_statements_covered": 51.470588235294116, "percent_statements_covered_display": "51"}, "missing_lines": [41, 42, 43, 44, 45, 47, 48, 49, 81, 82, 83, 118, 122, 142, 165, 166, 167, 183, 184, 185, 202, 203, 204, 208, 209, 210, 213, 214, 216, 217, 219, 220, 221], "excluded_lines": [], "start_line": 17}, "": {"executed_lines": [5, 6, 7, 9, 10, 11, 12, 14, 17, 20, 39, 51, 85, 169, 187, 206], "summary": {"covered_lines": 16, "num_statements": 16, "percent_covered": 100.0, "percent_covered_display": "100", "missing_lines": 0, "excluded_lines": 0, "percent_statements_covered": 100.0, "percent_statements_covered_display": "100"}, "missing_lines": [], "excluded_lines": [], "start_line": 1}}}, "lib\\memory_scorer.py": {"executed_lines": [5, 6, 7, 8, 9, 11, 14, 17, 26, 27, 28, 29, 30, 31, 33, 35, 45, 48, 55, 56, 57, 58, 61, 62, 63, 64, 65, 66, 68, 70, 78, 81, 91, 92, 94, 96, 117, 119, 120, 121, 124, 131, 132, 135, 138, 139, 142, 149, 156, 177, 184, 186, 187, 188, 189, 192, 193, 195, 196, 199, 200, 202, 205, 206, 208, 214, 220, 221, 222, 225, 226, 228, 231, 232, 235, 238, 244, 257, 259, 260, 261, 265, 268, 271, 277, 286, 287, 291, 293, 295, 301, 303, 304, 306, 308, 310, 323, 324, 326, 327, 329, 336, 338], "summary": {"covered_lines": 103, "num_statements": 125, "percent_covered": 82.4, "percent_covered_display": "82", "missing_lines": 22, "excluded_lines": 0, "percent_statements_covered": 82.4, "percent_statements_covered_display": "82"}, "missing_lines": [165, 166, 168, 203, 210, 211, 212, 229, 240, 241, 242, 262, 273, 274, 275, 288, 297, 298, 299, 340, 341, 342], "excluded_lines": [], "functions": {"HScore.__init__": {"executed_lines": [26, 27, 28, 29, 30, 31], "summary": {"covered_lines": 6, "num_statements": 6, "percent_covered": 100.0, "percent_covered_display": "100", "missing_lines": 0, "excluded_lines": 0, "percent_statements_covered": 100.0, "percent_statements_covered_display": "100"}, "missing_lines": [], "excluded_lines": [], "start_line": 17}, "HScore.to_dict": {"executed_lines": [35], "summary": {"covered_lines": 1, "num_statements": 1, "percent_covered": 100.0, "percent_covered_display": "100", "missing_lines": 0, "excluded_lines": 0, "percent_statements_covered": 100.0, "percent_statements_covered_display": "100"}, "missing_lines": [], "excluded_lines": [], "start_line": 33}, "HScoreWeights.__init__": {"executed_lines": [55, 56, 57, 58, 61, 62, 63, 64, 65, 66], "summary": {"covered_lines": 10, "num_statements": 10, "percent_covered": 100.0, "percent_covered_display": "100", "missing_lines": 0, "excluded_lines": 0, "percent_statements_covered": 100.0, "percent_statements_covered_display": "100"}, "missing_lines": [], "excluded_lines": [], "start_line": 48}, "HScoreWeights.to_dict": {"executed_lines": [70], "summary": {"covered_lines": 1, "num_statements": 1, "percent_covered": 100.0, "percent_covered_display": "100", "missing_lines": 0, "excluded_lines": 0, "percent_statements_covered": 100.0, "percent_statements_covered_display": "100"}, "missing_lines": [], "excluded_lines": [], "start_line": 68}, "MemoryScorer.__init__": {"executed_lines": [91, 92, 94], "summary": {"covered_lines": 3, "num_statements": 3, "percent_covered": 100.0, "percent_covered_display": "100", "missing_lines": 0, "excluded_lines": 0, "percent_statements_covered": 100.0, "percent_statements_covered_display": "100"}, "missing_lines": [], "excluded_lines": [], "start_line": 81}, "MemoryScorer.calculate_score": {"executed_lines": [117, 119, 120, 121, 124, 131, 132, 135, 138, 139, 142, 149, 156], "summary": {"covered_lines": 13, "num_statements": 16, "percent_covered": 81.25, "percent_covered_display": "81", "missing_lines": 3, "excluded_lines": 0, "percent_statements_covered": 81.25, "percent_statements_covered_display": "81"}, "missing_lines": [165, 166, 168], "excluded_lines": [], "start_line": 96}, "MemoryScorer._calculate_similarity": {"executed_lines": [184, 186, 187, 188, 189, 192, 193, 195, 196, 199, 200, 202, 205, 206, 208], "summary": {"covered_lines": 15, "num_statements": 19, "percent_covered": 78.94736842105263, "percent_covered_display": "79", "missing_lines": 4, "excluded_lines": 0, "percent_statements_covered": 78.94736842105263, "percent_statements_covered_display": "79"}, "missing_lines": [203, 210, 211, 212], "excluded_lines": [], "start_line": 177}, "MemoryScorer._cosine_similarity": {"executed_lines": [220, 221, 222, 225, 226, 228, 231, 232, 235, 238], "summary": {"covered_lines": 10, "num_statements": 14, "percent_covered": 71.42857142857143, "percent_covered_display": "71", "missing_lines": 4, "excluded_lines": 0, "percent_statements_covered": 71.42857142857143, "percent_statements_covered_display": "71"}, "missing_lines": [229, 240, 241, 242], "excluded_lines": [], "start_line": 214}, "MemoryScorer._calculate_decay": {"executed_lines": [257, 259, 260, 261, 265, 268, 271], "summary": {"covered_lines": 7, "num_statements": 11, "percent_covered": 63.63636363636363, "percent_covered_display": "64", "missing_lines": 4, "excluded_lines": 0, "percent_statements_covered": 63.63636363636363, "percent_statements_covered_display": "64"}, "missing_lines": [262, 273, 274, 275], "excluded_lines": [], "start_line": 244}, "MemoryScorer._calculate_frequency": {"executed_lines": [286, 287, 291, 293, 295], "summary": {"covered_lines": 5, "num_statements": 9, "percent_covered": 55.55555555555556, "percent_covered_display": "56", "missing_lines": 4, "excluded_lines": 0, "percent_statements_covered": 55.55555555555556, "percent_statements_covered_display": "56"}, "missing_lines": [288, 297, 298, 299], "excluded_lines": [], "start_line": 277}, "MemoryScorer.update_weights": {"executed_lines": [303, 304], "summary": {"covered_lines": 2, "num_statements": 2, "percent_covered": 100.0, "percent_covered_display": "100", "missing_lines": 0, "excluded_lines": 0, "percent_statements_covered": 100.0, "percent_statements_covered_display": "100"}, "missing_lines": [], "excluded_lines": [], "start_line": 301}, "MemoryScorer.get_weights": {"executed_lines": [308], "summary": {"covered_lines": 1, "num_statements": 1, "percent_covered": 100.0, "percent_covered_display": "100", "missing_lines": 0, "excluded_lines": 0, "percent_statements_covered": 100.0, "percent_statements_covered_display": "100"}, "missing_lines": [], "excluded_lines": [], "start_line": 306}, "MemoryScorer.rank_memories": {"executed_lines": [323, 324, 326, 327, 329, 336, 338], "summary": {"covered_lines": 7, "num_statements": 10, "percent_covered": 70.0, "percent_covered_display": "70", "missing_lines": 3, "excluded_lines": 0, "percent_statements_covered": 70.0, "percent_statements_covered_display": "70"}, "missing_lines": [340, 341, 342], "excluded_lines": [], "start_line": 310}, "": {"executed_lines": [5, 6, 7, 8, 9, 11, 14, 17, 33, 45, 48, 68, 78, 81, 96, 177, 214, 244, 277, 301, 306, 310], "summary": {"covered_lines": 22, "num_statements": 22, "percent_covered": 100.0, "percent_covered_display": "100", "missing_lines": 0, "excluded_lines": 0, "percent_statements_covered": 100.0, "percent_statements_covered_display": "100"}, "missing_lines": [], "excluded_lines": [], "start_line": 1}}, "classes": {"HScore": {"executed_lines": [26, 27, 28, 29, 30, 31, 35], "summary": {"covered_lines": 7, "num_statements": 7, "percent_covered": 100.0, "percent_covered_display": "100", "missing_lines": 0, "excluded_lines": 0, "percent_statements_covered": 100.0, "percent_statements_covered_display": "100"}, "missing_lines": [], "excluded_lines": [], "start_line": 14}, "HScoreWeights": {"executed_lines": [55, 56, 57, 58, 61, 62, 63, 64, 65, 66, 70], "summary": {"covered_lines": 11, "num_statements": 11, "percent_covered": 100.0, "percent_covered_display": "100", "missing_lines": 0, "excluded_lines": 0, "percent_statements_covered": 100.0, "percent_statements_covered_display": "100"}, "missing_lines": [], "excluded_lines": [], "start_line": 45}, "MemoryScorer": {"executed_lines": [91, 92, 94, 117, 119, 120, 121, 124, 131, 132, 135, 138, 139, 142, 149, 156, 184, 186, 187, 188, 189, 192, 193, 195, 196, 199, 200, 202, 205, 206, 208, 220, 221, 222, 225, 226, 228, 231, 232, 235, 238, 257, 259, 260, 261, 265, 268, 271, 286, 287, 291, 293, 295, 303, 304, 308, 323, 324, 326, 327, 329, 336, 338], "summary": {"covered_lines": 63, "num_statements": 85, "percent_covered": 74.11764705882354, "percent_covered_display": "74", "missing_lines": 22, "excluded_lines": 0, "percent_statements_covered": 74.11764705882354, "percent_statements_covered_display": "74"}, "missing_lines": [165, 166, 168, 203, 210, 211, 212, 229, 240, 241, 242, 262, 273, 274, 275, 288, 297, 298, 299, 340, 341, 342], "excluded_lines": [], "start_line": 78}, "": {"executed_lines": [5, 6, 7, 8, 9, 11, 14, 17, 33, 45, 48, 68, 78, 81, 96, 177, 214, 244, 277, 301, 306, 310], "summary": {"covered_lines": 22, "num_statements": 22, "percent_covered": 100.0, "percent_covered_display": "100", "missing_lines": 0, "excluded_lines": 0, "percent_statements_covered": 100.0, "percent_statements_covered_display": "100"}, "missing_lines": [], "excluded_lines": [], "start_line": 1}}}, "lib\\short_term_memory.py": {"executed_lines": [5, 6, 7, 9, 12, 15, 20, 21, 23, 25, 26, 27, 32, 34, 35, 36, 39, 45, 47, 48, 49, 54, 56, 58, 60, 62, 64], "summary": {"covered_lines": 27, "num_statements": 34, "percent_covered": 79.41176470588235, "percent_covered_display": "79", "missing_lines": 7, "excluded_lines": 0, "percent_statements_covered": 79.41176470588235, "percent_statements_covered_display": "79"}, "missing_lines": [29, 30, 41, 42, 43, 51, 52], "excluded_lines": [], "functions": {"ShortTermMemory.__init__": {"executed_lines": [20, 21], "summary": {"covered_lines": 2, "num_statements": 2, "percent_covered": 100.0, "percent_covered_display": "100", "missing_lines": 0, "excluded_lines": 0, "percent_statements_covered": 100.0, "percent_statements_covered_display": "100"}, "missing_lines": [], "excluded_lines": [], "start_line": 15}, "ShortTermMemory.add": {"executed_lines": [25, 26, 27], "summary": {"covered_lines": 3, "num_statements": 5, "percent_covered": 60.0, "percent_covered_display": "60", "missing_lines": 2, "excluded_lines": 0, "percent_statements_covered": 60.0, "percent_statements_covered_display": "60"}, "missing_lines": [29, 30], "excluded_lines": [], "start_line": 23}, "ShortTermMemory.get_recent": {"executed_lines": [34, 35, 36, 39], "summary": {"covered_lines": 4, "num_statements": 7, "percent_covered": 57.142857142857146, "percent_covered_display": "57", "missing_lines": 3, "excluded_lines": 0, "percent_statements_covered": 57.142857142857146, "percent_statements_covered_display": "57"}, "missing_lines": [41, 42, 43], "excluded_lines": [], "start_line": 32}, "ShortTermMemory.clear": {"executed_lines": [47, 48, 49], "summary": {"covered_lines": 3, "num_statements": 5, "percent_covered": 60.0, "percent_covered_display": "60", "missing_lines": 2, "excluded_lines": 0, "percent_statements_covered": 60.0, "percent_statements_covered_display": "60"}, "missing_lines": [51, 52], "excluded_lines": [], "start_line": 45}, "ShortTermMemory.size": {"executed_lines": [56], "summary": {"covered_lines": 1, "num_statements": 1, "percent_covered": 100.0, "percent_covered_display": "100", "missing_lines": 0, "excluded_lines": 0, "percent_statements_covered": 100.0, "percent_statements_covered_display": "100"}, "missing_lines": [], "excluded_lines": [], "start_line": 54}, "ShortTermMemory.is_full": {"executed_lines": [60], "summary": {"covered_lines": 1, "num_statements": 1, "percent_covered": 100.0, "percent_covered_display": "100", "missing_lines": 0, "excluded_lines": 0, "percent_statements_covered": 100.0, "percent_statements_covered_display": "100"}, "missing_lines": [], "excluded_lines": [], "start_line": 58}, "ShortTermMemory.get_all": {"executed_lines": [64], "summary": {"covered_lines": 1, "num_statements": 1, "percent_covered": 100.0, "percent_covered_display": "100", "missing_lines": 0, "excluded_lines": 0, "percent_statements_covered": 100.0, "percent_statements_covered_display": "100"}, "missing_lines": [], "excluded_lines": [], "start_line": 62}, "": {"executed_lines": [5, 6, 7, 9, 12, 15, 23, 32, 45, 54, 58, 62], "summary": {"covered_lines": 12, "num_statements": 12, "percent_covered": 100.0, "percent_covered_display": "100", "missing_lines": 0, "excluded_lines": 0, "percent_statements_covered": 100.0, "percent_statements_covered_display": "100"}, "missing_lines": [], "excluded_lines": [], "start_line": 1}}, "classes": {"ShortTermMemory": {"executed_lines": [20, 21, 25, 26, 27, 34, 35, 36, 39, 47, 48, 49, 56, 60, 64], "summary": {"covered_lines": 15, "num_statements": 22, "percent_covered": 68.18181818181819, "percent_covered_display": "68", "missing_lines": 7, "excluded_lines": 0, "percent_statements_covered": 68.18181818181819, "percent_statements_covered_display": "68"}, "missing_lines": [29, 30, 41, 42, 43, 51, 52], "excluded_lines": [], "start_line": 12}, "": {"executed_lines": [5, 6, 7, 9, 12, 15, 23, 32, 45, 54, 58, 62], "summary": {"covered_lines": 12, "num_statements": 12, "percent_covered": 100.0, "percent_covered_display": "100", "missing_lines": 0, "excluded_lines": 0, "percent_statements_covered": 100.0, "percent_statements_covered_display": "100"}, "missing_lines": [], "excluded_lines": [], "start_line": 1}}}, "lib\\test_ab_testing.py": {"executed_lines": [5, 6, 7, 15, 17, 19, 32, 34, 35, 36, 39, 40, 42, 44, 57, 60, 62, 63, 64, 66, 69, 71, 73, 86, 89, 96, 98, 99, 102, 104, 106, 119, 122, 123, 127, 130, 131, 135, 138, 140, 141, 142, 145, 147, 149, 154, 155, 157, 159, 160, 163, 165, 167, 172, 174, 176, 177, 180], "summary": {"covered_lines": 58, "num_statements": 59, "percent_covered": 98.30508474576271, "percent_covered_display": "98", "missing_lines": 1, "excluded_lines": 0, "percent_statements_covered": 98.30508474576271, "percent_statements_covered_display": "98"}, "missing_lines": [181], "excluded_lines": [], "functions": {"test_create_experiment": {"executed_lines": [17, 19, 32, 34, 35, 36], "summary": {"covered_lines": 6, "num_statements": 6, "percent_covered": 100.0, "percent_covered_display": "100", "missing_lines": 0, "excluded_lines": 0, "percent_statements_covered": 100.0, "percent_statements_covered_display": "100"}, "missing_lines": [], "excluded_lines": [], "start_line": 15}, "test_assign_variant_consistency": {"executed_lines": [42, 44, 57, 60, 62, 63, 64, 66], "summary": {"covered_lines": 8, "num_statements": 8, "percent_covered": 100.0, "percent_covered_display": "100", "missing_lines": 0, "excluded_lines": 0, "percent_statements_covered": 100.0, "percent_statements_covered_display": "100"}, "missing_lines": [], "excluded_lines": [], "start_line": 40}, "test_record_result": {"executed_lines": [71, 73, 86, 89, 96, 98, 99], "summary": {"covered_lines": 7, "num_statements": 7, "percent_covered": 100.0, "percent_covered_display": "100", "missing_lines": 0, "excluded_lines": 0, "percent_statements_covered": 100.0, "percent_statements_covered_display": "100"}, "missing_lines": [], "excluded_lines": [], "start_line": 69}, "test_analyze_results": {"executed_lines": [104, 106, 119, 122, 123, 127, 130, 131, 135, 138, 140, 141, 142], "summary": {"covered_lines": 13, "num_statements": 13, "percent_covered": 100.0, "percent_covered_display": "100", "missing_lines": 0, "excluded_lines": 0, "percent_statements_covered": 100.0, "percent_statements_covered_display": "100"}, "missing_lines": [], "excluded_lines": [], "start_line": 102}, "test_get_active_experiments": {"executed_lines": [147, 149, 154, 155, 157, 159, 160], "summary": {"covered_lines": 7, "num_statements": 7, "percent_covered": 100.0, "percent_covered_display": "100", "missing_lines": 0, "excluded_lines": 0, "percent_statements_covered": 100.0, "percent_statements_covered_display": "100"}, "missing_lines": [], "excluded_lines": [], "start_line": 145}, "test_stop_experiment": {"executed_lines": [165, 167, 172, 174, 176, 177], "summary": {"covered_lines": 6, "num_statements": 6, "percent_covered": 100.0, "percent_covered_display": "100", "missing_lines": 0, "excluded_lines": 0, "percent_statements_covered": 100.0, "percent_statements_covered_display": "100"}, "missing_lines": [], "excluded_lines": [], "start_line": 163}, "": {"executed_lines": [5, 6, 7, 15, 39, 40, 69, 102, 145, 163, 180], "summary": {"covered_lines": 11, "num_statements": 12, "percent_covered": 91.66666666666667, "percent_covered_display": "92", "missing_lines": 1, "excluded_lines": 0, "percent_statements_covered": 91.66666666666667, "percent_statements_covered_display": "92"}, "missing_lines": [181], "excluded_lines": [], "start_line": 1}}, "classes": {"": {"executed_lines": [5, 6, 7, 15, 17, 19, 32, 34, 35, 36, 39, 40, 42, 44, 57, 60, 62, 63, 64, 66, 69, 71, 73, 86, 89, 96, 98, 99, 102, 104, 106, 119, 122, 123, 127, 130, 131, 135, 138, 140, 141, 142, 145, 147, 149, 154, 155, 157, 159, 160, 163, 165, 167, 172, 174, 176, 177, 180], "summary": {"covered_lines": 58, "num_statements": 59, "percent_covered": 98.30508474576271, "percent_covered_display": "98", "missing_lines": 1, "excluded_lines": 0, "percent_statements_covered": 98.30508474576271, "percent_statements_covered_display": "98"}, "missing_lines": [181], "excluded_lines": [], "start_line": 1}}}, "lib\\vector_store.py": {"executed_lines": [5, 6, 7, 8, 10, 13, 16, 21, 22, 23, 25, 32, 33, 38, 41, 42, 43, 46, 47, 50, 57, 63, 69, 75, 76, 80, 81, 82, 83, 86, 87, 88, 89, 96, 97, 103, 105, 106, 107, 108, 109, 111, 112, 118], "summary": {"covered_lines": 44, "num_statements": 75, "percent_covered": 58.666666666666664, "percent_covered_display": "59", "missing_lines": 31, "excluded_lines": 0, "percent_statements_covered": 58.666666666666664, "percent_statements_covered_display": "59"}, "missing_lines": [34, 35, 65, 66, 67, 77, 99, 100, 101, 114, 115, 116, 120, 121, 122, 123, 124, 125, 127, 128, 129, 130, 131, 133, 134, 135, 137, 138, 140, 141, 142], "excluded_lines": [], "functions": {"VectorStore.__init__": {"executed_lines": [21, 22, 23], "summary": {"covered_lines": 3, "num_statements": 3, "percent_covered": 100.0, "percent_covered_display": "100", "missing_lines": 0, "excluded_lines": 0, "percent_statements_covered": 100.0, "percent_statements_covered_display": "100"}, "missing_lines": [], "excluded_lines": [], "start_line": 16}, "VectorStore.add_vector": {"executed_lines": [32, 33, 38, 41, 42, 43, 46, 47, 50, 57, 63], "summary": {"covered_lines": 11, "num_statements": 16, "percent_covered": 68.75, "percent_covered_display": "69", "missing_lines": 5, "excluded_lines": 0, "percent_statements_covered": 68.75, "percent_statements_covered_display": "69"}, "missing_lines": [34, 35, 65, 66, 67], "excluded_lines": [], "start_line": 25}, "VectorStore.search_vectors": {"executed_lines": [75, 76, 80, 81, 82, 83, 86, 87, 88, 89, 96, 97], "summary": {"covered_lines": 12, "num_statements": 16, "percent_covered": 75.0, "percent_covered_display": "75", "missing_lines": 4, "excluded_lines": 0, "percent_statements_covered": 75.0, "percent_statements_covered_display": "75"}, "missing_lines": [77, 99, 100, 101], "excluded_lines": [], "start_line": 69}, "VectorStore.delete_vector": {"executed_lines": [105, 106, 107, 108, 109, 111, 112], "summary": {"covered_lines": 7, "num_statements": 10, "percent_covered": 70.0, "percent_covered_display": "70", "missing_lines": 3, "excluded_lines": 0, "percent_statements_covered": 70.0, "percent_statements_covered_display": "70"}, "missing_lines": [114, 115, 116], "excluded_lines": [], "start_line": 103}, "VectorStore.load_from_db": {"executed_lines": [], "summary": {"covered_lines": 0, "num_statements": 19, "percent_covered": 0.0, "percent_covered_display": "0", "missing_lines": 19, "excluded_lines": 0, "percent_statements_covered": 0.0, "percent_statements_covered_display": "0"}, "missing_lines": [120, 121, 122, 123, 124, 125, 127, 128, 129, 130, 131, 133, 134, 135, 137, 138, 140, 141, 142], "excluded_lines": [], "start_line": 118}, "": {"executed_lines": [5, 6, 7, 8, 10, 13, 16, 25, 69, 103, 118], "summary": {"covered_lines": 11, "num_statements": 11, "percent_covered": 100.0, "percent_covered_display": "100", "missing_lines": 0, "excluded_lines": 0, "percent_statements_covered": 100.0, "percent_statements_covered_display": "100"}, "missing_lines": [], "excluded_lines": [], "start_line": 1}}, "classes": {"VectorStore": {"executed_lines": [21, 22, 23, 32, 33, 38, 41, 42, 43, 46, 47, 50, 57, 63, 75, 76, 80, 81, 82, 83, 86, 87, 88, 89, 96, 97, 105, 106, 107, 108, 109, 111, 112], "summary": {"covered_lines": 33, "num_statements": 64, "percent_covered": 51.5625, "percent_covered_display": "52", "missing_lines": 31, "excluded_lines": 0, "percent_statements_covered": 51.5625, "percent_statements_covered_display": "52"}, "missing_lines": [34, 35, 65, 66, 67, 77, 99, 100, 101, 114, 115, 116, 120, 121, 122, 123, 124, 125, 127, 128, 129, 130, 131, 133, 134, 135, 137, 138, 140, 141, 142], "excluded_lines": [], "start_line": 13}, "": {"executed_lines": [5, 6, 7, 8, 10, 13, 16, 25, 69, 103, 118], "summary": {"covered_lines": 11, "num_statements": 11, "percent_covered": 100.0, "percent_covered_display": "100", "missing_lines": 0, "excluded_lines": 0, "percent_statements_covered": 100.0, "percent_statements_covered_display": "100"}, "missing_lines": [], "excluded_lines": [], "start_line": 1}}}}, "totals": {"covered_lines": 892, "num_statements": 1072, "percent_covered": 83.2089552238806, "percent_covered_display": "83", "missing_lines": 180, "excluded_lines": 0, "percent_statements_covered": 83.2089552238806, "percent_statements_covered_display": "83"}}